<?xml version="1.0" encoding="UTF-8"?>
<!-- Generated by org.testng.reporters.JUnitReportReporter -->
<testsuite skipped="0" hostname="EPAMYERW0037" name="runner.CalculatorDivTest" tests="6" failures="0" timestamp="06 Jun 2017 13:18:20 GMT" time="0.006" errors="0">
  <testcase name="testDiv" time="0.002" classname="runner.CalculatorDivTest"/>
  <testcase name="testDiv" time="0.000" classname="runner.CalculatorDivTest"/>
  <testcase name="testDivByZero" time="0.000" classname="runner.CalculatorDivTest"/>
  <testcase name="testDiv" time="0.002" classname="runner.CalculatorDivTest"/>
  <testcase name="testDivByZero" time="0.001" classname="runner.CalculatorDivTest"/>
  <testcase name="testDivByZero" time="0.001" classname="runner.CalculatorDivTest"/>
</testsuite> <!-- runner.CalculatorDivTest -->
