<?xml version="1.0" encoding="UTF-8"?>
<!-- Generated by org.testng.reporters.JUnitReportReporter -->
<testsuite skipped="0" hostname="EPAMYERW0037" name="runner.CalculatorSubDoubleTest" tests="2" failures="0" timestamp="06 Jun 2017 13:18:20 GMT" time="0.000" errors="0">
  <testcase name="testSubDouble" time="0.000" classname="runner.CalculatorSubDoubleTest"/>
  <testcase name="testSubDouble" time="0.000" classname="runner.CalculatorSubDoubleTest"/>
</testsuite> <!-- runner.CalculatorSubDoubleTest -->
