<?xml version="1.0" encoding="UTF-8"?>
<!-- Generated by org.testng.reporters.JUnitReportReporter -->
<testsuite skipped="0" hostname="EPAMYERW0037" name="runner.CalculatorIsNegativeTest" tests="1" failures="0" timestamp="06 Jun 2017 13:18:20 GMT" time="0.000" errors="0">
  <testcase name="testIsNegative0" time="0.000" classname="runner.CalculatorIsNegativeTest"/>
</testsuite> <!-- runner.CalculatorIsNegativeTest -->
