<?xml version="1.0" encoding="UTF-8"?>
<!-- Generated by org.testng.reporters.JUnitReportReporter -->
<testsuite skipped="0" hostname="EPAMYERW0037" name="runner.CalclulatorTest" tests="3" failures="0" timestamp="06 Jun 2017 13:18:20 GMT" time="0.039" errors="0">
  <testcase name="testSum" time="0.012" classname="runner.CalclulatorTest"/>
  <testcase name="testSum" time="0.011" classname="runner.CalclulatorTest"/>
  <testcase name="testSum" time="0.016" classname="runner.CalclulatorTest"/>
</testsuite> <!-- runner.CalclulatorTest -->
