<?xml version="1.0" encoding="UTF-8"?>
<!-- Generated by org.testng.reporters.JUnitReportReporter -->
<testsuite skipped="0" hostname="EPAMYERW0037" name="runner.CalculatorSinTest" tests="1" failures="0" timestamp="06 Jun 2017 13:18:20 GMT" time="0.011" errors="0">
  <testcase name="testSinDouble0" time="0.011" classname="runner.CalculatorSinTest"/>
</testsuite> <!-- runner.CalculatorSinTest -->
