<?xml version="1.0" encoding="UTF-8"?>
<!-- Generated by org.testng.reporters.JUnitReportReporter -->
<testsuite skipped="0" hostname="EPAMYERW0037" name="runner.CalculatorPowTest" tests="3" failures="0" timestamp="06 Jun 2017 13:18:20 GMT" time="0.008" errors="0">
  <testcase name="testPowDouble" time="0.003" classname="runner.CalculatorPowTest"/>
  <testcase name="testPowDouble" time="0.002" classname="runner.CalculatorPowTest"/>
  <testcase name="testPowDouble" time="0.003" classname="runner.CalculatorPowTest"/>
</testsuite> <!-- runner.CalculatorPowTest -->
